#
# There is insufficient memory for the Java Runtime Environment to continue.
# Native memory allocation (mmap) failed to map 130023424 bytes for G1 virtual space
# Possible reasons:
#   The system is out of physical RAM or swap space
#   The process is running with CompressedOops enabled, and the Java Heap may be blocking the growth of the native heap
# Possible solutions:
#   Reduce memory load on the system
#   Increase physical memory or swap space
#   Check if swap backing store is full
#   Decrease Java heap size (-Xmx/-Xms)
#   Decrease number of Java threads
#   Decrease Java thread stack sizes (-Xss)
#   Set larger code cache with -XX:ReservedCodeCacheSize=
#   JVM is running with Unscaled Compressed Oops mode in which the Java heap is
#     placed in the first 4GB address space. The Java Heap base address is the
#     maximum limit for the native heap growth. Please use -XX:HeapBaseMinAddress
#     to set the Java Heap base and to place the Java Heap above 4GB virtual address.
# This output file may be truncated or incomplete.
#
#  Out of Memory Error (os_windows.cpp:3613), pid=11956, tid=15440
#
# JRE version:  (17.0.10+7) (build )
# Java VM: OpenJDK 64-Bit Server VM (17.0.10+7, mixed mode, sharing, tiered, compressed oops, compressed class ptrs, g1 gc, windows-amd64)
# No core dump will be written. Minidumps are not enabled by default on client versions of Windows
#

---------------  S U M M A R Y ------------

Command Line: -Dfile.encoding=UTF-8 -Dstdout.encoding=UTF-8 -Dstderr.encoding=UTF-8 --module-path=C:\Users\phamm\git\FlashCardAplication\FlashCard\target\classes;C:\Users\phamm\.m2\repository\com\microsoft\sqlserver\mssql-jdbc\12.2.0.jre11\mssql-jdbc-12.2.0.jre11.jar;C:\Users\phamm\.m2\repository\com\miglayout\miglayout-swing\11.0\miglayout-swing-11.0.jar;C:\Users\phamm\.m2\repository\com\miglayout\miglayout-core\11.0\miglayout-core-11.0.jar;C:\Users\phamm\.m2\repository\com\kenai\nbpwr\org-jdesktop-animation-timing\1.0-201002281504\org-jdesktop-animation-timing-1.0-201002281504.jar;C:\Users\phamm\.m2\repository\net\java\dev\timingframework\timingframework\1.0\timingframework-1.0.jar;C:\Users\phamm\.m2\repository\com\sun\mail\javax.mail\1.6.2\javax.mail-1.6.2.jar -XX:+ShowCodeDetailsInExceptionMessages -Djdk.module.main=FlashCard FlashCard/com.flashcard.controller.ControllerAdmin

Host: 12th Gen Intel(R) Core(TM) i7-12700H, 20 cores, 7G,  Windows 11 , 64 bit Build 22621 (10.0.22621.3958)
Time: Sat Nov  9 21:28:23 2024 SE Asia Standard Time elapsed time: 0.007191 seconds (0d 0h 0m 0s)

---------------  T H R E A D  ---------------

Current thread (0x0000023c2f8af470):  JavaThread "Unknown thread" [_thread_in_vm, id=15440, stack(0x000000726e000000,0x000000726e100000)]

Stack: [0x000000726e000000,0x000000726e100000]
Native frames: (J=compiled Java code, j=interpreted, Vv=VM code, C=native code)
V  [jvm.dll+0x67d2c9]
V  [jvm.dll+0x834afa]
V  [jvm.dll+0x8365be]
V  [jvm.dll+0x836c23]
V  [jvm.dll+0x2477ff]
V  [jvm.dll+0x67a109]
V  [jvm.dll+0x66eb7a]
V  [jvm.dll+0x30764b]
V  [jvm.dll+0x30eaf6]
V  [jvm.dll+0x35e83e]
V  [jvm.dll+0x35ea6f]
V  [jvm.dll+0x2de248]
V  [jvm.dll+0x2df1b4]
V  [jvm.dll+0x806361]
V  [jvm.dll+0x36c6f1]
V  [jvm.dll+0x7e4e06]
V  [jvm.dll+0x3eff3f]
V  [jvm.dll+0x3f1b71]
C  [jli.dll+0x528f]
C  [ucrtbase.dll+0x29333]
C  [KERNEL32.DLL+0x1257d]
C  [ntdll.dll+0x5af08]


---------------  P R O C E S S  ---------------

Threads class SMR info:
_java_thread_list=0x00007ffdfb1eee98, length=0, elements={
}

Java Threads: ( => current thread )

Other Threads:
  0x0000023c2f909850 GCTaskThread "GC Thread#0" [stack: 0x000000726e100000,0x000000726e200000] [id=16064]
  0x0000023c2f919be0 ConcurrentGCThread "G1 Main Marker" [stack: 0x000000726e200000,0x000000726e300000] [id=20992]
  0x0000023c2f91a600 ConcurrentGCThread "G1 Conc#0" [stack: 0x000000726e300000,0x000000726e400000] [id=10848]

[error occurred during error reporting (printing all threads), id 0xc0000005, EXCEPTION_ACCESS_VIOLATION (0xc0000005) at pc=0x00007ffdfa9aec87]

VM state: not at safepoint (not fully initialized)

VM Mutex/Monitor currently owned by a thread:  ([mutex/lock_event])
[0x0000023c2f8ab930] Heap_lock - owner thread: 0x0000023c2f8af470

Heap address: 0x0000000085e00000, size: 1954 MB, Compressed Oops mode: 32-bit

CDS archive(s) mapped at: [0x0000000000000000-0x0000000000000000-0x0000000000000000), size 0, SharedBaseAddress: 0x0000000800000000, ArchiveRelocationMode: 1.
Narrow klass base: 0x0000000000000000, Narrow klass shift: 0, Narrow klass range: 0x0

GC Precious Log:
<Empty>

Heap:
 garbage-first heap   total 0K, used 0K [0x0000000085e00000, 0x0000000100000000)
  region size 1024K, 0 young (0K), 0 survivors (0K)

[error occurred during error reporting (printing heap information), id 0xc0000005, EXCEPTION_ACCESS_VIOLATION (0xc0000005) at pc=0x00007ffdfad96fb9]

GC Heap History (0 events):
No events

Dll operation events (1 events):
Event: 0.004 Loaded shared library D:\application\ProgramingTools\Tools\SpringBoot\sts-4.22.0.RELEASE\plugins\org.eclipse.justj.openjdk.hotspot.jre.full.win32.x86_64_17.0.10.v20240120-1143\jre\bin\java.dll

Deoptimization events (0 events):
No events

Classes unloaded (0 events):
No events

Classes redefined (0 events):
No events

Internal exceptions (0 events):
No events

VM Operations (0 events):
No events

Events (0 events):
No events


Dynamic libraries:
0x00007ff7dfc10000 - 0x00007ff7dfc1e000 	D:\application\ProgramingTools\Tools\SpringBoot\sts-4.22.0.RELEASE\plugins\org.eclipse.justj.openjdk.hotspot.jre.full.win32.x86_64_17.0.10.v20240120-1143\jre\bin\javaw.exe
0x00007ffe9cf50000 - 0x00007ffe9d167000 	C:\WINDOWS\SYSTEM32\ntdll.dll
0x00007ffe9bb50000 - 0x00007ffe9bc14000 	C:\WINDOWS\System32\KERNEL32.DLL
0x00007ffe9a2c0000 - 0x00007ffe9a677000 	C:\WINDOWS\System32\KERNELBASE.dll
0x00007ffe9a7a0000 - 0x00007ffe9a8b1000 	C:\WINDOWS\System32\ucrtbase.dll
0x00007ffe89ae0000 - 0x00007ffe89afb000 	D:\application\ProgramingTools\Tools\SpringBoot\sts-4.22.0.RELEASE\plugins\org.eclipse.justj.openjdk.hotspot.jre.full.win32.x86_64_17.0.10.v20240120-1143\jre\bin\VCRUNTIME140.dll
0x00007ffe89930000 - 0x00007ffe89947000 	D:\application\ProgramingTools\Tools\SpringBoot\sts-4.22.0.RELEASE\plugins\org.eclipse.justj.openjdk.hotspot.jre.full.win32.x86_64_17.0.10.v20240120-1143\jre\bin\jli.dll
0x00007ffe9c160000 - 0x00007ffe9c30f000 	C:\WINDOWS\System32\USER32.dll
0x00007ffe9a260000 - 0x00007ffe9a286000 	C:\WINDOWS\System32\win32u.dll
0x00007ffe7d3b0000 - 0x00007ffe7d643000 	C:\WINDOWS\WinSxS\amd64_microsoft.windows.common-controls_6595b64144ccf1df_6.0.22621.3672_none_2713b9d173822955\COMCTL32.dll
0x00007ffe9cb50000 - 0x00007ffe9cb79000 	C:\WINDOWS\System32\GDI32.dll
0x00007ffe9bc80000 - 0x00007ffe9bd27000 	C:\WINDOWS\System32\msvcrt.dll
0x00007ffe9a680000 - 0x00007ffe9a798000 	C:\WINDOWS\System32\gdi32full.dll
0x00007ffe9a8c0000 - 0x00007ffe9a95a000 	C:\WINDOWS\System32\msvcp_win.dll
0x00007ffe9b750000 - 0x00007ffe9b781000 	C:\WINDOWS\System32\IMM32.DLL
0x00007ffe8fd30000 - 0x00007ffe8fd3c000 	D:\application\ProgramingTools\Tools\SpringBoot\sts-4.22.0.RELEASE\plugins\org.eclipse.justj.openjdk.hotspot.jre.full.win32.x86_64_17.0.10.v20240120-1143\jre\bin\vcruntime140_1.dll
0x00007ffe64fc0000 - 0x00007ffe6504d000 	D:\application\ProgramingTools\Tools\SpringBoot\sts-4.22.0.RELEASE\plugins\org.eclipse.justj.openjdk.hotspot.jre.full.win32.x86_64_17.0.10.v20240120-1143\jre\bin\msvcp140.dll
0x00007ffdfa6c0000 - 0x00007ffdfb322000 	D:\application\ProgramingTools\Tools\SpringBoot\sts-4.22.0.RELEASE\plugins\org.eclipse.justj.openjdk.hotspot.jre.full.win32.x86_64_17.0.10.v20240120-1143\jre\bin\server\jvm.dll
0x00007ffe9bef0000 - 0x00007ffe9bfa2000 	C:\WINDOWS\System32\ADVAPI32.dll
0x00007ffe9bd30000 - 0x00007ffe9bdd8000 	C:\WINDOWS\System32\sechost.dll
0x00007ffe9a290000 - 0x00007ffe9a2b8000 	C:\WINDOWS\System32\bcrypt.dll
0x00007ffe9ac80000 - 0x00007ffe9ad94000 	C:\WINDOWS\System32\RPCRT4.dll
0x00007ffe750d0000 - 0x00007ffe750d9000 	C:\WINDOWS\SYSTEM32\WSOCK32.dll
0x00007ffe99110000 - 0x00007ffe9915d000 	C:\WINDOWS\SYSTEM32\POWRPROF.dll
0x00007ffe97820000 - 0x00007ffe9782a000 	C:\WINDOWS\SYSTEM32\VERSION.dll
0x00007ffe9bde0000 - 0x00007ffe9be51000 	C:\WINDOWS\System32\WS2_32.dll
0x00007ffe913d0000 - 0x00007ffe91404000 	C:\WINDOWS\SYSTEM32\WINMM.dll
0x00007ffe990f0000 - 0x00007ffe99103000 	C:\WINDOWS\SYSTEM32\UMPDC.dll
0x00007ffe993a0000 - 0x00007ffe993b8000 	C:\WINDOWS\SYSTEM32\kernel.appcore.dll
0x00007ffe97900000 - 0x00007ffe9790a000 	D:\application\ProgramingTools\Tools\SpringBoot\sts-4.22.0.RELEASE\plugins\org.eclipse.justj.openjdk.hotspot.jre.full.win32.x86_64_17.0.10.v20240120-1143\jre\bin\jimage.dll
0x00007ffe97180000 - 0x00007ffe973b2000 	C:\WINDOWS\SYSTEM32\DBGHELP.DLL
0x00007ffe9cb80000 - 0x00007ffe9cf0e000 	C:\WINDOWS\System32\combase.dll
0x00007ffe9c5f0000 - 0x00007ffe9c6c7000 	C:\WINDOWS\System32\OLEAUT32.dll
0x00007ffe04c30000 - 0x00007ffe04c62000 	C:\WINDOWS\SYSTEM32\dbgcore.DLL
0x00007ffe9ac00000 - 0x00007ffe9ac7b000 	C:\WINDOWS\System32\bcryptPrimitives.dll
0x00007ffe97890000 - 0x00007ffe978b5000 	D:\application\ProgramingTools\Tools\SpringBoot\sts-4.22.0.RELEASE\plugins\org.eclipse.justj.openjdk.hotspot.jre.full.win32.x86_64_17.0.10.v20240120-1143\jre\bin\java.dll

dbghelp: loaded successfully - version: 4.0.5 - missing functions: none
symbol engine: initialized successfully - sym options: 0x614 - pdb path: .;D:\application\ProgramingTools\Tools\SpringBoot\sts-4.22.0.RELEASE\plugins\org.eclipse.justj.openjdk.hotspot.jre.full.win32.x86_64_17.0.10.v20240120-1143\jre\bin;C:\WINDOWS\SYSTEM32;C:\WINDOWS\WinSxS\amd64_microsoft.windows.common-controls_6595b64144ccf1df_6.0.22621.3672_none_2713b9d173822955;D:\application\ProgramingTools\Tools\SpringBoot\sts-4.22.0.RELEASE\plugins\org.eclipse.justj.openjdk.hotspot.jre.full.win32.x86_64_17.0.10.v20240120-1143\jre\bin\server

VM Arguments:
jvm_args: -Dfile.encoding=UTF-8 -Dstdout.encoding=UTF-8 -Dstderr.encoding=UTF-8 --module-path=C:\Users\phamm\git\FlashCardAplication\FlashCard\target\classes;C:\Users\phamm\.m2\repository\com\microsoft\sqlserver\mssql-jdbc\12.2.0.jre11\mssql-jdbc-12.2.0.jre11.jar;C:\Users\phamm\.m2\repository\com\miglayout\miglayout-swing\11.0\miglayout-swing-11.0.jar;C:\Users\phamm\.m2\repository\com\miglayout\miglayout-core\11.0\miglayout-core-11.0.jar;C:\Users\phamm\.m2\repository\com\kenai\nbpwr\org-jdesktop-animation-timing\1.0-201002281504\org-jdesktop-animation-timing-1.0-201002281504.jar;C:\Users\phamm\.m2\repository\net\java\dev\timingframework\timingframework\1.0\timingframework-1.0.jar;C:\Users\phamm\.m2\repository\com\sun\mail\javax.mail\1.6.2\javax.mail-1.6.2.jar -XX:+ShowCodeDetailsInExceptionMessages -Djdk.module.main=FlashCard 
java_command: FlashCard/com.flashcard.controller.ControllerAdmin
java_class_path (initial): C:\Users\phamm\.m2\repository\javax\activation\activation\1.1\activation-1.1.jar
Launcher Type: SUN_STANDARD

[Global flags]
     intx CICompilerCount                          = 12                                        {product} {ergonomic}
     uint ConcGCThreads                            = 4                                         {product} {ergonomic}
     uint G1ConcRefinementThreads                  = 15                                        {product} {ergonomic}
   size_t G1HeapRegionSize                         = 1048576                                   {product} {ergonomic}
    uintx GCDrainStackTargetSize                   = 64                                        {product} {ergonomic}
   size_t InitialHeapSize                          = 130023424                                 {product} {ergonomic}
   size_t MarkStackSize                            = 4194304                                   {product} {ergonomic}
   size_t MaxHeapSize                              = 2048917504                                {product} {ergonomic}
   size_t MinHeapDeltaBytes                        = 1048576                                   {product} {ergonomic}
   size_t MinHeapSize                              = 8388608                                   {product} {ergonomic}
    uintx NonNMethodCodeHeapSize                   = 7602480                                {pd product} {ergonomic}
    uintx NonProfiledCodeHeapSize                  = 122027880                              {pd product} {ergonomic}
    uintx ProfiledCodeHeapSize                     = 122027880                              {pd product} {ergonomic}
    uintx ReservedCodeCacheSize                    = 251658240                              {pd product} {ergonomic}
     bool SegmentedCodeCache                       = true                                      {product} {ergonomic}
     bool ShowCodeDetailsInExceptionMessages       = true                                   {manageable} {command line}
   size_t SoftMaxHeapSize                          = 2048917504                             {manageable} {ergonomic}
     bool UseCompressedClassPointers               = true                           {product lp64_product} {ergonomic}
     bool UseCompressedOops                        = true                           {product lp64_product} {ergonomic}
     bool UseG1GC                                  = true                                      {product} {ergonomic}
     bool UseLargePagesIndividualAllocation        = false                                  {pd product} {ergonomic}

Logging:
Log output configuration:
 #0: stdout all=warning uptime,level,tags
 #1: stderr all=off uptime,level,tags

Environment Variables:
JAVA_HOME=C:\ProgramingTool\LapTrinh\Java\Eclipse\JDK\SetUp
PATH=D:/application/ProgramingTools/Tools/SpringBoot/sts-4.22.0.RELEASE//plugins/org.eclipse.justj.openjdk.hotspot.jre.full.win32.x86_64_17.0.10.v20240120-1143/jre/bin/server;D:/application/ProgramingTools/Tools/SpringBoot/sts-4.22.0.RELEASE//plugins/org.eclipse.justj.openjdk.hotspot.jre.full.win32.x86_64_17.0.10.v20240120-1143/jre/bin;D:\application\ProgramingTools\Database\SqlOracle\SetUp\bin;C:\Program Files\Common Files\Oracle\Java\javapath;C:\Program Files (x86)\Common Files\Oracle\Java\java8path;C:\Program Files (x86)\Common Files\Oracle\Java\javapath;C:\Windows\system32;C:\Windows;C:\Windows\System32\Wbem;C:\Windows\System32\WindowsPowerShell\v1.0\;C:\Windows\System32\OpenSSH\;C:\Program Files (x86)\NVIDIA Corporation\PhysX\Common;C:\Program Files\NVIDIA Corporation\NVIDIA NvDLISR;C:\WINDOWS\system32;C:\WINDOWS;C:\WINDOWS\System32\Wbem;C:\WINDOWS\System32\WindowsPowerShell\v1.0\;C:\WINDOWS\System32\OpenSSH\;C:\Program Files\dotnet\;C:\ProgramingTool\LapTrinh\Java\Eclipse\JDK\SetUp\bin;C:\ProgramingTool\LapTrinh\Java\Server\TomcatServer\SetUp\apache-tomcat-9.0.86\bin;C:\Program Files\Git\cmd;C:\ProgramData\chocolatey\bin;C:\Program Files (x86)\Microsoft SQL Server\160\Tools\Binn\;C:\Program Files\Microsoft SQL Server\160\Tools\Binn\;C:\Program Files\Microsoft SQL Server\Client SDK\ODBC\170\Tools\Binn\;C:\Program Files\Microsoft SQL Server\160\DTS\Binn\;C:\Program Files (x86)\Microsoft SQL Server\160\DTS\Binn\;C:\Users\phamm\AppData\Local\Microsoft\WindowsApps;D:\application\visualcode\Microsoft VS Code\bin;C:\Users\phamm\AppData\Local\GitHubDesktop\bin;C:\Users\phamm\.dotnet\tools;D:\application\ProgramingTools\Tools\SpringBoot\sts-4.22.0.RELEASE;
USERNAME=phamm
OS=Windows_NT
PROCESSOR_IDENTIFIER=Intel64 Family 6 Model 154 Stepping 3, GenuineIntel
TMP=C:\Users\phamm\AppData\Local\Temp
TEMP=C:\Users\phamm\AppData\Local\Temp



Periodic native trim disabled


---------------  S Y S T E M  ---------------

OS:
 Windows 11 , 64 bit Build 22621 (10.0.22621.3958)
OS uptime: 1 days 1:35 hours
Hyper-V role detected

CPU: total 20 (initial active 20) (10 cores per cpu, 2 threads per core) family 6 model 154 stepping 3 microcode 0x429, cx8, cmov, fxsr, ht, mmx, 3dnowpref, sse, sse2, sse3, ssse3, sse4.1, sse4.2, popcnt, lzcnt, tsc, tscinvbit, avx, avx2, aes, erms, clmul, bmi1, bmi2, adx, sha, fma, vzeroupper, clflush, clflushopt, clwb, hv
Processor Information for all 20 processors :
  Max Mhz: 2300, Current Mhz: 2300, Mhz Limit: 2300

Memory: 4k page, system-wide physical 7812M (408M free)
TotalPageFile size 31364M (AvailPageFile size 54M)
current process WorkingSet (physical memory assigned to process): 11M, peak: 11M
current process commit charge ("private bytes"): 75M, peak: 199M

vm_info: OpenJDK 64-Bit Server VM (17.0.10+7) for windows-amd64 JRE (17.0.10+7), built on Jan 16 2024 23:25:11 by "admin" with MS VC++ 16.10 / 16.11 (VS2019)

END.
